[debug] [2025-05-14T07:12:25.210Z] ----------------------------------------------------------------------
[debug] [2025-05-14T07:12:25.214Z] Command:       C:\nvm4w\nodejs\node.exe C:\Users\PC\AppData\Roaming\npm\node_modules\firebase-tools\lib\bin\firebase.js deploy --only functions
[debug] [2025-05-14T07:12:25.214Z] CLI Version:   13.29.3
[debug] [2025-05-14T07:12:25.214Z] Platform:      win32
[debug] [2025-05-14T07:12:25.214Z] Node Version:  v20.19.1
[debug] [2025-05-14T07:12:25.214Z] Time:          Wed May 14 2025 16:12:25 GMT+0900 (대한민국 표준시)
[debug] [2025-05-14T07:12:25.215Z] ----------------------------------------------------------------------
[debug] 
[debug] [2025-05-14T07:12:25.468Z] Object "/functions" in "firebase.json" has unknown property: {"additionalProperty":"region"}
[debug] [2025-05-14T07:12:25.468Z] Field "/functions" in "firebase.json" is possibly invalid: must be array
[debug] [2025-05-14T07:12:25.468Z] Field "/functions" in "firebase.json" is possibly invalid: must match a schema in anyOf
[debug] [2025-05-14T07:12:25.474Z] > command requires scopes: ["email","openid","https://www.googleapis.com/auth/cloudplatformprojects.readonly","https://www.googleapis.com/auth/firebase","https://www.googleapis.com/auth/cloud-platform"]
[debug] [2025-05-14T07:12:25.475Z] > authorizing via signed-in user (mergenb55@gmail.com)
[debug] [2025-05-14T07:12:25.475Z] [iam] checking project jobmatchingapp-383da for permissions ["cloudfunctions.functions.create","cloudfunctions.functions.delete","cloudfunctions.functions.get","cloudfunctions.functions.list","cloudfunctions.functions.update","cloudfunctions.operations.get","firebase.projects.get"]
[debug] [2025-05-14T07:12:25.476Z] Checked if tokens are valid: true, expires at: 1747209878706
[debug] [2025-05-14T07:12:25.477Z] Checked if tokens are valid: true, expires at: 1747209878706
[debug] [2025-05-14T07:12:25.478Z] >>> [apiv2][query] POST https://cloudresourcemanager.googleapis.com/v1/projects/jobmatchingapp-383da:testIamPermissions [none]
[debug] [2025-05-14T07:12:25.478Z] >>> [apiv2][(partial)header] POST https://cloudresourcemanager.googleapis.com/v1/projects/jobmatchingapp-383da:testIamPermissions x-goog-quota-user=projects/jobmatchingapp-383da
[debug] [2025-05-14T07:12:25.478Z] >>> [apiv2][body] POST https://cloudresourcemanager.googleapis.com/v1/projects/jobmatchingapp-383da:testIamPermissions {"permissions":["cloudfunctions.functions.create","cloudfunctions.functions.delete","cloudfunctions.functions.get","cloudfunctions.functions.list","cloudfunctions.functions.update","cloudfunctions.operations.get","firebase.projects.get"]}
[debug] [2025-05-14T07:12:26.362Z] <<< [apiv2][status] POST https://cloudresourcemanager.googleapis.com/v1/projects/jobmatchingapp-383da:testIamPermissions 200
[debug] [2025-05-14T07:12:26.362Z] <<< [apiv2][body] POST https://cloudresourcemanager.googleapis.com/v1/projects/jobmatchingapp-383da:testIamPermissions {"permissions":["cloudfunctions.functions.create","cloudfunctions.functions.delete","cloudfunctions.functions.get","cloudfunctions.functions.list","cloudfunctions.functions.update","cloudfunctions.operations.get","firebase.projects.get"]}
[debug] [2025-05-14T07:12:26.363Z] Checked if tokens are valid: true, expires at: 1747209878706
[debug] [2025-05-14T07:12:26.363Z] Checked if tokens are valid: true, expires at: 1747209878706
[debug] [2025-05-14T07:12:26.364Z] >>> [apiv2][query] POST https://iam.googleapis.com/v1/projects/jobmatchingapp-383da/serviceAccounts/jobmatchingapp-383da@appspot.gserviceaccount.com:testIamPermissions [none]
[debug] [2025-05-14T07:12:26.364Z] >>> [apiv2][body] POST https://iam.googleapis.com/v1/projects/jobmatchingapp-383da/serviceAccounts/jobmatchingapp-383da@appspot.gserviceaccount.com:testIamPermissions {"permissions":["iam.serviceAccounts.actAs"]}
